# JRE version: OpenJDK Runtime Environment (11.0.15) (build 11.0.15+0-b2043.56-9505619)
# Java VM: OpenJDK 64-Bit Server VM (11.0.15+0-b2043.56-9505619, mixed mode, tiered, compressed oops, g1 gc, windows-amd64)
Heap:
 garbage-first heap   total 194560K, used 79476K [0x0000000080000000, 0x0000000100000000)
  region size 1024K, 18 young (18432K), 13 survivors (13312K)
 Metaspace       used 81419K, capacity 83704K, committed 83996K, reserved 1122304K
  class space    used 10735K, capacity 11556K, committed 11648K, reserved 1048576K
GC Heap History (20 events):
Event: 7.244 GC heap before
{Heap before GC invocations=1 (full 0):
 garbage-first heap   total 194560K, used 107881K [0x0000000080000000, 0x0000000100000000)
  region size 1024K, 99 young (101376K), 3 survivors (3072K)
 Metaspace       used 20799K, capacity 21189K, committed 21296K, reserved 1069056K
  class space    used 2529K, capacity 2687K, committed 2688K, reserved 1048576K
}
Event: 7.255 GC heap after
{Heap after GC invocations=2 (full 0):
 garbage-first heap   total 194560K, used 17394K [0x0000000080000000, 0x0000000100000000)
  region size 1024K, 11 young (11264K), 11 survivors (11264K)
 Metaspace       used 20799K, capacity 21189K, committed 21296K, reserved 1069056K
  class space    used 2529K, capacity 2687K, committed 2688K, reserved 1048576K
}
Event: 7.966 GC heap before
{Heap before GC invocations=3 (full 0):
 garbage-first heap   total 194560K, used 64498K [0x0000000080000000, 0x0000000100000000)
  region size 1024K, 57 young (58368K), 11 survivors (11264K)
 Metaspace       used 25647K, capacity 26235K, committed 26368K, reserved 1073152K
  class space    used 3316K, capacity 3547K, committed 3584K, reserved 1048576K
}
Event: 7.974 GC heap after
{Heap after GC invocations=4 (full 0):
 garbage-first heap   total 194560K, used 19163K [0x0000000080000000, 0x0000000100000000)
  region size 1024K, 3 young (3072K), 3 survivors (3072K)
 Metaspace       used 25647K, capacity 26235K, committed 26368K, reserved 1073152K
  class space    used 3316K, capacity 3547K, committed 3584K, reserved 1048576K
}
Event: 14.943 GC heap before
{Heap before GC invocations=4 (full 0):
 garbage-first heap   total 194560K, used 92891K [0x0000000080000000, 0x0000000100000000)
  region size 1024K, 76 young (77824K), 3 survivors (3072K)
 Metaspace       used 34995K, capacity 35889K, committed 35968K, reserved 1081344K
  class space    used 4568K, capacity 4921K, committed 4992K, reserved 1048576K
}
Event: 14.953 GC heap after
{Heap after GC invocations=5 (full 0):
 garbage-first heap   total 194560K, used 22349K [0x0000000080000000, 0x0000000100000000)
  region size 1024K, 6 young (6144K), 6 survivors (6144K)
 Metaspace       used 34995K, capacity 35889K, committed 35968K, reserved 1081344K
  class space    used 4568K, capacity 4921K, committed 4992K, reserved 1048576K
}
Event: 16.779 GC heap before
{Heap before GC invocations=6 (full 0):
 garbage-first heap   total 194560K, used 126797K [0x0000000080000000, 0x0000000100000000)
  region size 1024K, 105 young (107520K), 6 survivors (6144K)
 Metaspace       used 44008K, capacity 45118K, committed 45212K, reserved 1089536K
  class space    used 5650K, capacity 6064K, committed 6144K, reserved 1048576K
}
Event: 16.789 GC heap after
{Heap after GC invocations=7 (full 0):
 garbage-first heap   total 194560K, used 29607K [0x0000000080000000, 0x0000000100000000)
  region size 1024K, 13 young (13312K), 13 survivors (13312K)
 Metaspace       used 44008K, capacity 45118K, committed 45212K, reserved 1089536K
  class space    used 5650K, capacity 6064K, committed 6144K, reserved 1048576K
}
Event: 26.091 GC heap before
{Heap before GC invocations=7 (full 0):
 garbage-first heap   total 194560K, used 134055K [0x0000000080000000, 0x0000000100000000)
  region size 1024K, 114 young (116736K), 13 survivors (13312K)
 Metaspace       used 49588K, capacity 50956K, committed 51100K, reserved 1093632K
  class space    used 6311K, capacity 6821K, committed 6912K, reserved 1048576K
}
Event: 26.100 GC heap after
{Heap after GC invocations=8 (full 0):
 garbage-first heap   total 194560K, used 35456K [0x0000000080000000, 0x0000000100000000)
  region size 1024K, 13 young (13312K), 13 survivors (13312K)
 Metaspace       used 49588K, capacity 50956K, committed 51100K, reserved 1093632K
  class space    used 6311K, capacity 6821K, committed 6912K, reserved 1048576K
}
Event: 32.089 GC heap before
{Heap before GC invocations=8 (full 0):
 garbage-first heap   total 194560K, used 111232K [0x0000000080000000, 0x0000000100000000)
  region size 1024K, 86 young (88064K), 13 survivors (13312K)
 Metaspace       used 58818K, capacity 60448K, committed 60572K, reserved 1101824K
  class space    used 7485K, capacity 8110K, committed 8192K, reserved 1048576K
}
Event: 32.103 GC heap after
{Heap after GC invocations=9 (full 0):
 garbage-first heap   total 194560K, used 44330K [0x0000000080000000, 0x0000000100000000)
  region size 1024K, 13 young (13312K), 13 survivors (13312K)
 Metaspace       used 58818K, capacity 60448K, committed 60572K, reserved 1101824K
  class space    used 7485K, capacity 8110K, committed 8192K, reserved 1048576K
}
Event: 33.598 GC heap before
{Heap before GC invocations=10 (full 0):
 garbage-first heap   total 194560K, used 152874K [0x0000000080000000, 0x0000000100000000)
  region size 1024K, 111 young (113664K), 13 survivors (13312K)
 Metaspace       used 65187K, capacity 66990K, committed 67100K, reserved 1107968K
  class space    used 8306K, capacity 8986K, committed 9088K, reserved 1048576K
}
Event: 33.610 GC heap after
{Heap after GC invocations=11 (full 0):
 garbage-first heap   total 194560K, used 52224K [0x0000000080000000, 0x0000000100000000)
  region size 1024K, 14 young (14336K), 14 survivors (14336K)
 Metaspace       used 65187K, capacity 66990K, committed 67100K, reserved 1107968K
  class space    used 8306K, capacity 8986K, committed 9088K, reserved 1048576K
}
Event: 34.887 GC heap before
{Heap before GC invocations=11 (full 0):
 garbage-first heap   total 194560K, used 148480K [0x0000000080000000, 0x0000000100000000)
  region size 1024K, 108 young (110592K), 14 survivors (14336K)
 Metaspace       used 71390K, capacity 73187K, committed 73500K, reserved 1112064K
  class space    used 9305K, capacity 9992K, committed 10112K, reserved 1048576K
}
Event: 34.897 GC heap after
{Heap after GC invocations=12 (full 0):
 garbage-first heap   total 194560K, used 59902K [0x0000000080000000, 0x0000000100000000)
  region size 1024K, 14 young (14336K), 14 survivors (14336K)
 Metaspace       used 71390K, capacity 73187K, committed 73500K, reserved 1112064K
  class space    used 9305K, capacity 9992K, committed 10112K, reserved 1048576K
}
Event: 39.238 GC heap before
{Heap before GC invocations=12 (full 0):
 garbage-first heap   total 194560K, used 151038K [0x0000000080000000, 0x0000000100000000)
  region size 1024K, 103 young (105472K), 14 survivors (14336K)
 Metaspace       used 78504K, capacity 80544K, committed 80668K, reserved 1118208K
  class space    used 10332K, capacity 11091K, committed 11136K, reserved 1048576K
}
Event: 39.250 GC heap after
{Heap after GC invocations=13 (full 0):
 garbage-first heap   total 194560K, used 65445K [0x0000000080000000, 0x0000000100000000)
  region size 1024K, 12 young (12288K), 12 survivors (12288K)
 Metaspace       used 78504K, capacity 80544K, committed 80668K, reserved 1118208K
  class space    used 10332K, capacity 11091K, committed 11136K, reserved 1048576K
}
Event: 40.084 GC heap before
{Heap before GC invocations=13 (full 0):
 garbage-first heap   total 194560K, used 154533K [0x0000000080000000, 0x0000000100000000)
  region size 1024K, 99 young (101376K), 12 survivors (12288K)
 Metaspace       used 80928K, capacity 83070K, committed 83356K, reserved 1122304K
  class space    used 10649K, capacity 11455K, committed 11520K, reserved 1048576K
}
Event: 40.100 GC heap after
{Heap after GC invocations=14 (full 0):
 garbage-first heap   total 194560K, used 75380K [0x0000000080000000, 0x0000000100000000)
  region size 1024K, 13 young (13312K), 13 survivors (13312K)
 Metaspace       used 80928K, capacity 83070K, committed 83356K, reserved 1122304K
  class space    used 10649K, capacity 11455K, committed 11520K, reserved 1048576K
}

